<?xml version="1.0" encoding="UTF-8"?>
<coverage generated="1646085489517" clover="3.2.0">
  <project timestamp="1646085489517" name="All files">
    <metrics statements="9" coveredstatements="4" conditionals="4" coveredconditionals="1" methods="2" coveredmethods="1" elements="15" coveredelements="6" complexity="0" loc="9" ncloc="9" packages="1" files="1" classes="1"/>
    <file name="MessageValidator.js" path="/home/ruither/Documentos/node projects/aws-lambda/validator/MessageValidator.js">
      <metrics statements="9" coveredstatements="4" conditionals="4" coveredconditionals="1" methods="2" coveredmethods="1"/>
      <line num="2" count="1" type="stmt"/>
      <line num="4" count="1" type="cond" truecount="1" falsecount="1"/>
      <line num="5" count="1" type="stmt"/>
      <line num="11" count="0" type="stmt"/>
      <line num="12" count="0" type="stmt"/>
      <line num="13" count="0" type="cond" truecount="0" falsecount="2"/>
      <line num="14" count="0" type="stmt"/>
      <line num="16" count="0" type="stmt"/>
      <line num="20" count="1" type="stmt"/>
    </file>
  </project>
</coverage>
