{"/home/ruither/Documentos/node projects/aws-lambda/validator/MessageValidator.js": {"path":"/home/ruither/Documentos/node projects/aws-lambda/validator/MessageValidator.js","statementMap":{"0":{"start":{"line":2,"column":22},"end":{"line":2,"column":34}},"1":{"start":{"line":4,"column":4},"end":{"line":6,"column":5}},"2":{"start":{"line":5,"column":8},"end":{"line":5,"column":47}},"3":{"start":{"line":11,"column":20},"end":{"line":11,"column":91}},"4":{"start":{"line":12,"column":26},"end":{"line":12,"column":47}},"5":{"start":{"line":13,"column":4},"end":{"line":17,"column":5}},"6":{"start":{"line":14,"column":8},"end":{"line":14,"column":20}},"7":{"start":{"line":16,"column":8},"end":{"line":16,"column":34}},"8":{"start":{"line":20,"column":0},"end":{"line":20,"column":48}}},"fnMap":{"0":{"name":"messageValidation","decl":{"start":{"line":1,"column":9},"end":{"line":1,"column":26}},"loc":{"start":{"line":1,"column":35},"end":{"line":8,"column":1}},"line":1},"1":{"name":"verifyHash","decl":{"start":{"line":10,"column":9},"end":{"line":10,"column":19}},"loc":{"start":{"line":10,"column":25},"end":{"line":18,"column":1}},"line":10}},"branchMap":{"0":{"loc":{"start":{"line":4,"column":4},"end":{"line":6,"column":5}},"type":"if","locations":[{"start":{"line":4,"column":4},"end":{"line":6,"column":5}},{"start":{},"end":{}}],"line":4},"1":{"loc":{"start":{"line":13,"column":4},"end":{"line":17,"column":5}},"type":"if","locations":[{"start":{"line":13,"column":4},"end":{"line":17,"column":5}},{"start":{"line":15,"column":9},"end":{"line":17,"column":5}}],"line":13}},"s":{"0":1,"1":1,"2":1,"3":0,"4":0,"5":0,"6":0,"7":0,"8":1},"f":{"0":1,"1":0},"b":{"0":[1,0],"1":[0,0]},"_coverageSchema":"1a1c01bbd47fc00a2c39e90264f33305004495a9","hash":"efd25a128f52ab516ef539ffdb54047ac719ce4f"}
}
